<?xml version="1.0" encoding="UTF-8"?>
<!-- Generated by org.testng.reporters.JUnitXMLReporter -->
<testsuite hostname="SauravPC" ignored="0" name="Surefire test" tests="3" failures="0" timestamp="24 Jun 2021 13:38:01 GMT" time="0.059" errors="0">
  <testcase name="AppiumTes1t" time="0.011" classname="qaclickacademy.AppiumTest"/>
  <testcase name="RestAPI" time="0.0" classname="qaclickacademy.RestAPITest"/>
  <testcase name="SelenUI" time="0.0" classname="qaclickacademy.SeleniumUITest"/>
</testsuite> <!-- Surefire test -->
