<?xml version="1.0" encoding="UTF-8"?>
<testng-results skipped="0" failed="0" ignored="0" total="2" passed="2">
  <reporter-output>
  </reporter-output>
  <suite name="Suite" duration-ms="59" started-at="2021-06-24T13:49:27Z" finished-at="2021-06-24T13:49:28Z">
    <groups>
    </groups>
    <test name="Test" duration-ms="59" started-at="2021-06-24T13:49:27Z" finished-at="2021-06-24T13:49:28Z">
      <class name="qaclickacademy.SeleniumUITest">
        <test-method status="PASS" signature="SelenUI()[pri:0, instance:qaclickacademy.SeleniumUITest@1a052a00]" name="SelenUI" duration-ms="0" started-at="2021-06-24T13:49:28Z" finished-at="2021-06-24T13:49:28Z">
          <reporter-output>
          </reporter-output>
        </test-method> <!-- SelenUI -->
      </class> <!-- qaclickacademy.SeleniumUITest -->
      <class name="qaclickacademy.RestAPITest">
        <test-method status="PASS" signature="RestAPI()[pri:0, instance:qaclickacademy.RestAPITest@770c2e6b]" name="RestAPI" duration-ms="15" started-at="2021-06-24T13:49:27Z" finished-at="2021-06-24T13:49:28Z">
          <reporter-output>
          </reporter-output>
        </test-method> <!-- RestAPI -->
      </class> <!-- qaclickacademy.RestAPITest -->
    </test> <!-- Test -->
  </suite> <!-- Suite -->
</testng-results>
