<?xml version="1.0" encoding="UTF-8"?>
<testng-results ignored="0" total="2" passed="2" failed="0" skipped="0">
  <reporter-output>
  </reporter-output>
  <suite started-at="2021-06-24T13:37:35Z" name="Suite" finished-at="2021-06-24T13:37:36Z" duration-ms="80">
    <groups>
    </groups>
    <test started-at="2021-06-24T13:37:35Z" name="Test" finished-at="2021-06-24T13:37:36Z" duration-ms="80">
      <class name="qaclickacademy.SeleniumUITest">
        <test-method signature="SelenUI()[pri:0, instance:qaclickacademy.SeleniumUITest@7357a011]" started-at="2021-06-24T13:37:36Z" name="SelenUI" finished-at="2021-06-24T13:37:36Z" duration-ms="4" status="PASS">
          <reporter-output>
          </reporter-output>
        </test-method> <!-- SelenUI -->
      </class> <!-- qaclickacademy.SeleniumUITest -->
      <class name="qaclickacademy.RestAPITest">
        <test-method signature="RestAPI()[pri:0, instance:qaclickacademy.RestAPITest@2474f125]" started-at="2021-06-24T13:37:36Z" name="RestAPI" finished-at="2021-06-24T13:37:36Z" duration-ms="19" status="PASS">
          <reporter-output>
          </reporter-output>
        </test-method> <!-- RestAPI -->
      </class> <!-- qaclickacademy.RestAPITest -->
    </test> <!-- Test -->
  </suite> <!-- Suite -->
</testng-results>
